android/app/build/intermediates/manifest_merge_blame_file/debug/processDebugMainManifest/manifest-merger-blame-debug-report.txt
1<?xml version="1.0" encoding="utf-8"?>
2<manifest xmlns:android="http://schemas.android.com/apk/res/android"
3    package="com.shadowmesh.app"
4    android:versionCode="1"
5    android:versionName="4.4.0" >
6
7    <uses-sdk
8        android:minSdkVersion="28"
9        android:targetSdkVersion="35" />
10
11    <!-- Core VPN Permissions -->
12    <uses-permission android:name="android.permission.INTERNET" />
12-->src/main/AndroidManifest.xml:6:5-67
12-->src/main/AndroidManifest.xml:6:22-64
13    <uses-permission android:name="android.permission.FOREGROUND_SERVICE" />
13-->src/main/AndroidManifest.xml:7:5-77
13-->src/main/AndroidManifest.xml:7:22-74
14    <uses-permission android:name="android.permission.FOREGROUND_SERVICE_CONNECTED_DEVICE" />
14-->src/main/AndroidManifest.xml:8:5-94
14-->src/main/AndroidManifest.xml:8:22-91
15    <uses-permission android:name="android.permission.ACCESS_NETWORK_STATE" />
15-->src/main/AndroidManifest.xml:9:5-79
15-->src/main/AndroidManifest.xml:9:22-76
16    <uses-permission android:name="android.permission.WAKE_LOCK" />
16-->src/main/AndroidManifest.xml:10:5-68
16-->src/main/AndroidManifest.xml:10:22-65
17    <uses-permission android:name="android.permission.RECEIVE_BOOT_COMPLETED" />
17-->src/main/AndroidManifest.xml:11:5-81
17-->src/main/AndroidManifest.xml:11:22-78
18
19    <!-- Phase 2: Security — Screenshot/Recording protection is applied via FLAG_SECURE in code -->
20
21
22    <!-- Phase 3: QR Scanner (camera) -->
23    <uses-permission android:name="android.permission.CAMERA" />
23-->src/main/AndroidManifest.xml:16:5-65
23-->src/main/AndroidManifest.xml:16:22-62
24
25    <uses-feature
25-->src/main/AndroidManifest.xml:17:5-85
26        android:name="android.hardware.camera"
26-->src/main/AndroidManifest.xml:17:19-57
27        android:required="false" />
27-->src/main/AndroidManifest.xml:17:58-82
28
29    <!-- Phase 3: Local Notifications (Android 13+) -->
30    <uses-permission android:name="android.permission.POST_NOTIFICATIONS" />
30-->src/main/AndroidManifest.xml:20:5-77
30-->src/main/AndroidManifest.xml:20:22-74
31
32    <!-- Phase 2: Biometric authentication -->
33    <uses-permission android:name="android.permission.USE_BIOMETRIC" />
33-->src/main/AndroidManifest.xml:23:5-72
33-->src/main/AndroidManifest.xml:23:22-69
34    <uses-permission android:name="android.permission.USE_FINGERPRINT" />
34-->src/main/AndroidManifest.xml:24:5-74
34-->src/main/AndroidManifest.xml:24:22-71
35
36    <permission
36-->[androidx.core:core:1.13.1] AndroidManifest.xml:22:5-24:47
37        android:name="com.shadowmesh.app.DYNAMIC_RECEIVER_NOT_EXPORTED_PERMISSION"
37-->[androidx.core:core:1.13.1] AndroidManifest.xml:23:9-81
38        android:protectionLevel="signature" />
38-->[androidx.core:core:1.13.1] AndroidManifest.xml:24:9-44
39
40    <uses-permission android:name="com.shadowmesh.app.DYNAMIC_RECEIVER_NOT_EXPORTED_PERMISSION" />
40-->[androidx.core:core:1.13.1] AndroidManifest.xml:26:5-97
40-->[androidx.core:core:1.13.1] AndroidManifest.xml:26:22-94
41
42    <application
42-->src/main/AndroidManifest.xml:26:5-74:19
43        android:allowBackup="false"
43-->src/main/AndroidManifest.xml:27:9-36
44        android:appComponentFactory="androidx.core.app.CoreComponentFactory"
44-->[androidx.core:core:1.13.1] AndroidManifest.xml:28:18-86
45        android:dataExtractionRules="@xml/data_extraction_rules"
45-->src/main/AndroidManifest.xml:28:9-65
46        android:debuggable="true"
47        android:extractNativeLibs="false"
48        android:fullBackupContent="@xml/backup_rules"
48-->src/main/AndroidManifest.xml:29:9-54
49        android:icon="@mipmap/ic_launcher"
49-->src/main/AndroidManifest.xml:30:9-43
50        android:label="@string/app_name"
50-->src/main/AndroidManifest.xml:31:9-41
51        android:roundIcon="@mipmap/ic_launcher_round"
51-->src/main/AndroidManifest.xml:32:9-54
52        android:supportsRtl="true"
52-->src/main/AndroidManifest.xml:33:9-35
53        android:theme="@style/Theme.ShadowMesh" >
53-->src/main/AndroidManifest.xml:34:9-48
54
55        <!-- Main Activity -->
56        <activity
56-->src/main/AndroidManifest.xml:38:9-48:20
57            android:name="com.shadowmesh.app.MainActivity"
57-->src/main/AndroidManifest.xml:39:13-41
58            android:exported="true"
58-->src/main/AndroidManifest.xml:40:13-36
59            android:launchMode="singleTop"
59-->src/main/AndroidManifest.xml:41:13-43
60            android:theme="@style/Theme.ShadowMesh"
60-->src/main/AndroidManifest.xml:43:13-52
61            android:windowSoftInputMode="adjustResize" >
61-->src/main/AndroidManifest.xml:42:13-55
62            <intent-filter>
62-->src/main/AndroidManifest.xml:44:13-47:29
63                <action android:name="android.intent.action.MAIN" />
63-->src/main/AndroidManifest.xml:45:17-69
63-->src/main/AndroidManifest.xml:45:25-66
64
65                <category android:name="android.intent.category.LAUNCHER" />
65-->src/main/AndroidManifest.xml:46:17-77
65-->src/main/AndroidManifest.xml:46:27-74
66            </intent-filter>
67        </activity> <!-- Camouflage Mode Alias -->
68        <activity-alias
68-->src/main/AndroidManifest.xml:51:9-62:26
69            android:name="com.shadowmesh.app.NotesAlias"
69-->src/main/AndroidManifest.xml:52:13-39
70            android:enabled="false"
70-->src/main/AndroidManifest.xml:53:13-36
71            android:exported="true"
71-->src/main/AndroidManifest.xml:54:13-36
72            android:icon="@mipmap/ic_launcher"
72-->src/main/AndroidManifest.xml:55:13-47
73            android:label="Notes"
73-->src/main/AndroidManifest.xml:56:13-34
74            android:targetActivity="com.shadowmesh.app.MainActivity" >
74-->src/main/AndroidManifest.xml:57:13-51
75            <intent-filter>
75-->src/main/AndroidManifest.xml:44:13-47:29
76                <action android:name="android.intent.action.MAIN" />
76-->src/main/AndroidManifest.xml:45:17-69
76-->src/main/AndroidManifest.xml:45:25-66
77
78                <category android:name="android.intent.category.LAUNCHER" />
78-->src/main/AndroidManifest.xml:46:17-77
78-->src/main/AndroidManifest.xml:46:27-74
79            </intent-filter>
80        </activity-alias>
81
82        <!-- ShadowMesh VPN Service (GoBackend manages the VpnService internally) -->
83        <service
83-->src/main/AndroidManifest.xml:65:9-72:19
84            android:name="com.wireguard.android.backend.GoBackend$VpnService"
84-->src/main/AndroidManifest.xml:66:13-78
85            android:exported="false"
85-->src/main/AndroidManifest.xml:67:13-37
86            android:permission="android.permission.BIND_VPN_SERVICE" >
86-->src/main/AndroidManifest.xml:68:13-69
87            <intent-filter>
87-->src/main/AndroidManifest.xml:69:13-71:29
88                <action android:name="android.net.VpnService" />
88-->src/main/AndroidManifest.xml:70:17-65
88-->src/main/AndroidManifest.xml:70:25-62
89            </intent-filter>
90        </service>
91
92        <activity
92-->[androidx.compose.ui:ui-test-manifest:1.6.8] AndroidManifest.xml:23:9-25:39
93            android:name="androidx.activity.ComponentActivity"
93-->[androidx.compose.ui:ui-test-manifest:1.6.8] AndroidManifest.xml:24:13-63
94            android:exported="true" />
94-->[androidx.compose.ui:ui-test-manifest:1.6.8] AndroidManifest.xml:25:13-36
95        <activity
95-->[androidx.compose.ui:ui-tooling-android:1.6.8] AndroidManifest.xml:23:9-25:39
96            android:name="androidx.compose.ui.tooling.PreviewActivity"
96-->[androidx.compose.ui:ui-tooling-android:1.6.8] AndroidManifest.xml:24:13-71
97            android:exported="true" />
97-->[androidx.compose.ui:ui-tooling-android:1.6.8] AndroidManifest.xml:25:13-36
98
99        <provider
99-->[androidx.emoji2:emoji2:1.3.0] AndroidManifest.xml:24:9-32:20
100            android:name="androidx.startup.InitializationProvider"
100-->[androidx.emoji2:emoji2:1.3.0] AndroidManifest.xml:25:13-67
101            android:authorities="com.shadowmesh.app.androidx-startup"
101-->[androidx.emoji2:emoji2:1.3.0] AndroidManifest.xml:26:13-68
102            android:exported="false" >
102-->[androidx.emoji2:emoji2:1.3.0] AndroidManifest.xml:27:13-37
103            <meta-data
103-->[androidx.emoji2:emoji2:1.3.0] AndroidManifest.xml:29:13-31:52
104                android:name="androidx.emoji2.text.EmojiCompatInitializer"
104-->[androidx.emoji2:emoji2:1.3.0] AndroidManifest.xml:30:17-75
105                android:value="androidx.startup" />
105-->[androidx.emoji2:emoji2:1.3.0] AndroidManifest.xml:31:17-49
106            <meta-data
106-->[androidx.lifecycle:lifecycle-process:2.8.2] AndroidManifest.xml:29:13-31:52
107                android:name="androidx.lifecycle.ProcessLifecycleInitializer"
107-->[androidx.lifecycle:lifecycle-process:2.8.2] AndroidManifest.xml:30:17-78
108                android:value="androidx.startup" />
108-->[androidx.lifecycle:lifecycle-process:2.8.2] AndroidManifest.xml:31:17-49
109            <meta-data
109-->[androidx.profileinstaller:profileinstaller:1.3.1] AndroidManifest.xml:29:13-31:52
110                android:name="androidx.profileinstaller.ProfileInstallerInitializer"
110-->[androidx.profileinstaller:profileinstaller:1.3.1] AndroidManifest.xml:30:17-85
111                android:value="androidx.startup" />
111-->[androidx.profileinstaller:profileinstaller:1.3.1] AndroidManifest.xml:31:17-49
112        </provider>
113
114        <receiver
114-->[androidx.profileinstaller:profileinstaller:1.3.1] AndroidManifest.xml:34:9-52:20
115            android:name="androidx.profileinstaller.ProfileInstallReceiver"
115-->[androidx.profileinstaller:profileinstaller:1.3.1] AndroidManifest.xml:35:13-76
116            android:directBootAware="false"
116-->[androidx.profileinstaller:profileinstaller:1.3.1] AndroidManifest.xml:36:13-44
117            android:enabled="true"
117-->[androidx.profileinstaller:profileinstaller:1.3.1] AndroidManifest.xml:37:13-35
118            android:exported="true"
118-->[androidx.profileinstaller:profileinstaller:1.3.1] AndroidManifest.xml:38:13-36
119            android:permission="android.permission.DUMP" >
119-->[androidx.profileinstaller:profileinstaller:1.3.1] AndroidManifest.xml:39:13-57
120            <intent-filter>
120-->[androidx.profileinstaller:profileinstaller:1.3.1] AndroidManifest.xml:40:13-42:29
121                <action android:name="androidx.profileinstaller.action.INSTALL_PROFILE" />
121-->[androidx.profileinstaller:profileinstaller:1.3.1] AndroidManifest.xml:41:17-91
121-->[androidx.profileinstaller:profileinstaller:1.3.1] AndroidManifest.xml:41:25-88
122            </intent-filter>
123            <intent-filter>
123-->[androidx.profileinstaller:profileinstaller:1.3.1] AndroidManifest.xml:43:13-45:29
124                <action android:name="androidx.profileinstaller.action.SKIP_FILE" />
124-->[androidx.profileinstaller:profileinstaller:1.3.1] AndroidManifest.xml:44:17-85
124-->[androidx.profileinstaller:profileinstaller:1.3.1] AndroidManifest.xml:44:25-82
125            </intent-filter>
126            <intent-filter>
126-->[androidx.profileinstaller:profileinstaller:1.3.1] AndroidManifest.xml:46:13-48:29
127                <action android:name="androidx.profileinstaller.action.SAVE_PROFILE" />
127-->[androidx.profileinstaller:profileinstaller:1.3.1] AndroidManifest.xml:47:17-88
127-->[androidx.profileinstaller:profileinstaller:1.3.1] AndroidManifest.xml:47:25-85
128            </intent-filter>
129            <intent-filter>
129-->[androidx.profileinstaller:profileinstaller:1.3.1] AndroidManifest.xml:49:13-51:29
130                <action android:name="androidx.profileinstaller.action.BENCHMARK_OPERATION" />
130-->[androidx.profileinstaller:profileinstaller:1.3.1] AndroidManifest.xml:50:17-95
130-->[androidx.profileinstaller:profileinstaller:1.3.1] AndroidManifest.xml:50:25-92
131            </intent-filter>
132        </receiver>
133    </application>
134
135</manifest>